{
"contracts/Lottery.sol":{"l":{"47":3,"48":3,"49":3,"50":3,"51":3,"52":3,"53":3,"54":3,"58":15,"59":1,"62":14,"63":1,"66":13,"68":13,"79":10,"80":10,"81":10,"82":10,"83":10,"85":10,"89":6,"90":6,"91":1,"94":5,"95":5,"103":5,"110":1,"111":1,"112":1,"113":1,"114":1,"115":1,"116":1,"118":1,"119":0,"122":1,"126":14,"130":1,"134":1,"138":4,"142":0,"146":1,"150":2,"154":0,"158":14},"path":"/home/schizo/hh-fcc/hardhat-lottery/solidity/contracts/Lottery.sol","s":{"1":15,"2":14,"3":13,"4":13,"5":10,"6":10,"7":10,"8":10,"9":10,"10":6,"11":6,"12":5,"13":5,"14":1,"15":1,"16":1,"17":1,"18":1,"19":14,"20":1,"21":1,"22":4,"23":0,"24":1,"25":2,"26":0,"27":14},"b":{"1":[1,14],"2":[1,13],"3":[1,5],"4":[0,1]},"f":{"1":3,"2":15,"3":10,"4":6,"5":1,"6":14,"7":1,"8":1,"9":4,"10":0,"11":1,"12":2,"13":0,"14":14},"fnMap":{"1":{"name":"constructor","line":46,"loc":{"start":{"line":39,"column":4},"end":{"line":55,"column":4}}},"2":{"name":"enterLottery","line":57,"loc":{"start":{"line":57,"column":4},"end":{"line":69,"column":4}}},"3":{"name":"checkUpkeep","line":71,"loc":{"start":{"line":71,"column":4},"end":{"line":86,"column":4}}},"4":{"name":"performUpkeep","line":88,"loc":{"start":{"line":88,"column":4},"end":{"line":104,"column":4}}},"5":{"name":"fulfillRandomWords","line":106,"loc":{"start":{"line":106,"column":4},"end":{"line":123,"column":4}}},"6":{"name":"getEntranceFee","line":125,"loc":{"start":{"line":125,"column":4},"end":{"line":127,"column":4}}},"7":{"name":"getPlayer","line":129,"loc":{"start":{"line":129,"column":4},"end":{"line":131,"column":4}}},"8":{"name":"getRecentWinner","line":133,"loc":{"start":{"line":133,"column":4},"end":{"line":135,"column":4}}},"9":{"name":"getLotteryState","line":137,"loc":{"start":{"line":137,"column":4},"end":{"line":139,"column":4}}},"10":{"name":"getNumWords","line":141,"loc":{"start":{"line":141,"column":4},"end":{"line":143,"column":4}}},"11":{"name":"getNumberOfPlayers","line":145,"loc":{"start":{"line":145,"column":4},"end":{"line":147,"column":4}}},"12":{"name":"getLatestTimeStamp","line":149,"loc":{"start":{"line":149,"column":4},"end":{"line":151,"column":4}}},"13":{"name":"getRequestConfirmation","line":153,"loc":{"start":{"line":153,"column":4},"end":{"line":155,"column":4}}},"14":{"name":"getInterval","line":157,"loc":{"start":{"line":157,"column":4},"end":{"line":159,"column":4}}}},"statementMap":{"1":{"start":{"line":58,"column":8},"end":{"line":58,"column":1918}},"2":{"start":{"line":62,"column":8},"end":{"line":62,"column":2021}},"3":{"start":{"line":66,"column":8},"end":{"line":66,"column":42}},"4":{"start":{"line":68,"column":8},"end":{"line":68,"column":37}},"5":{"start":{"line":79,"column":8},"end":{"line":79,"column":59}},"6":{"start":{"line":80,"column":8},"end":{"line":80,"column":76}},"7":{"start":{"line":81,"column":8},"end":{"line":81,"column":48}},"8":{"start":{"line":82,"column":8},"end":{"line":82,"column":51}},"9":{"start":{"line":85,"column":8},"end":{"line":85,"column":33}},"10":{"start":{"line":89,"column":8},"end":{"line":89,"column":47}},"11":{"start":{"line":90,"column":8},"end":{"line":90,"column":2877}},"12":{"start":{"line":95,"column":8},"end":{"line":95,"column":3015}},"13":{"start":{"line":103,"column":8},"end":{"line":103,"column":44}},"14":{"start":{"line":110,"column":8},"end":{"line":110,"column":65}},"15":{"start":{"line":111,"column":8},"end":{"line":111,"column":63}},"16":{"start":{"line":116,"column":8},"end":{"line":116,"column":78}},"17":{"start":{"line":118,"column":8},"end":{"line":118,"column":3798}},"18":{"start":{"line":122,"column":8},"end":{"line":122,"column":39}},"19":{"start":{"line":126,"column":8},"end":{"line":126,"column":28}},"20":{"start":{"line":130,"column":8},"end":{"line":130,"column":31}},"21":{"start":{"line":134,"column":8},"end":{"line":134,"column":29}},"22":{"start":{"line":138,"column":8},"end":{"line":138,"column":29}},"23":{"start":{"line":142,"column":8},"end":{"line":142,"column":24}},"24":{"start":{"line":146,"column":8},"end":{"line":146,"column":31}},"25":{"start":{"line":150,"column":8},"end":{"line":150,"column":30}},"26":{"start":{"line":154,"column":8},"end":{"line":154,"column":36}},"27":{"start":{"line":158,"column":8},"end":{"line":158,"column":25}}},"branchMap":{"1":{"line":58,"type":"if","locations":[{"start":{"line":58,"column":8},"end":{"line":58,"column":8}},{"start":{"line":58,"column":8},"end":{"line":58,"column":8}}]},"2":{"line":62,"type":"if","locations":[{"start":{"line":62,"column":8},"end":{"line":62,"column":8}},{"start":{"line":62,"column":8},"end":{"line":62,"column":8}}]},"3":{"line":90,"type":"if","locations":[{"start":{"line":90,"column":8},"end":{"line":90,"column":8}},{"start":{"line":90,"column":8},"end":{"line":90,"column":8}}]},"4":{"line":118,"type":"if","locations":[{"start":{"line":118,"column":8},"end":{"line":118,"column":8}},{"start":{"line":118,"column":8},"end":{"line":118,"column":8}}]}}},
"contracts/test/VRFCoordinatorV2Mock.sol":{"l":{},"path":"/home/schizo/hh-fcc/hardhat-lottery/solidity/contracts/test/VRFCoordinatorV2Mock.sol","s":{},"b":{},"f":{},"fnMap":{},"statementMap":{},"branchMap":{}}}
