TN:
SF:/home/schizo/hh-fcc/hardhat-lottery/solidity/contracts/Lottery.sol
FN:46,constructor
FN:57,enterLottery
FN:71,checkUpkeep
FN:88,performUpkeep
FN:106,fulfillRandomWords
FN:125,getEntranceFee
FN:129,getPlayer
FN:133,getRecentWinner
FN:137,getLotteryState
FN:141,getNumWords
FN:145,getNumberOfPlayers
FN:149,getLatestTimeStamp
FN:153,getRequestConfirmation
FN:157,getInterval
FNF:14
FNH:12
FNDA:3,constructor
FNDA:15,enterLottery
FNDA:10,checkUpkeep
FNDA:6,performUpkeep
FNDA:1,fulfillRandomWords
FNDA:14,getEntranceFee
FNDA:1,getPlayer
FNDA:1,getRecentWinner
FNDA:4,getLotteryState
FNDA:0,getNumWords
FNDA:1,getNumberOfPlayers
FNDA:2,getLatestTimeStamp
FNDA:0,getRequestConfirmation
FNDA:14,getInterval
DA:47,3
DA:48,3
DA:49,3
DA:50,3
DA:51,3
DA:52,3
DA:53,3
DA:54,3
DA:58,15
DA:59,1
DA:62,14
DA:63,1
DA:66,13
DA:68,13
DA:79,10
DA:80,10
DA:81,10
DA:82,10
DA:83,10
DA:85,10
DA:89,6
DA:90,6
DA:91,1
DA:94,5
DA:95,5
DA:103,5
DA:110,1
DA:111,1
DA:112,1
DA:113,1
DA:114,1
DA:115,1
DA:116,1
DA:118,1
DA:119,0
DA:122,1
DA:126,14
DA:130,1
DA:134,1
DA:138,4
DA:142,0
DA:146,1
DA:150,2
DA:154,0
DA:158,14
LF:45
LH:42
BRDA:58,1,0,1
BRDA:58,1,1,14
BRDA:62,2,0,1
BRDA:62,2,1,13
BRDA:90,3,0,1
BRDA:90,3,1,5
BRDA:118,4,0,0
BRDA:118,4,1,1
BRF:8
BRH:7
end_of_record
TN:
SF:/home/schizo/hh-fcc/hardhat-lottery/solidity/contracts/test/VRFCoordinatorV2Mock.sol
FNF:0
FNH:0
LF:0
LH:0
BRF:0
BRH:0
end_of_record
